This file contains any messages produced by compilers while
running configure, to aid debugging if configure makes a mistake.

It was created by libpng configure 1.6.39, which was
generated by GNU Autoconf 2.71.  Invocation command line was

  $ ./configure

## --------- ##
## Platform. ##
## --------- ##

hostname = DESKTOP-GAMING
uname -m = x86_64
uname -r = 3.4.6.x86_64
uname -s = MINGW64_NT-10.0-19045
uname -v = 2023-04-01 11:43 UTC

/usr/bin/uname -p = unknown
/bin/uname -X     = unknown

/bin/arch              = x86_64
/usr/bin/arch -k       = unknown
/usr/convex/getsysinfo = unknown
/usr/bin/hostinfo      = unknown
/bin/machine           = unknown
/usr/bin/oslevel       = unknown
/bin/universe          = unknown

PATH: /m68k-xelf/bin/
PATH: /mingw64/bin/
PATH: /usr/local/bin/
PATH: /usr/bin/
PATH: /bin/
PATH: /c/Windows/System32/
PATH: /c/Windows/
PATH: /c/Windows/System32/Wbem/
PATH: /c/Windows/System32/WindowsPowerShell/v1.0/
PATH: /usr/bin/site_perl/
PATH: /usr/bin/vendor_perl/
PATH: /usr/bin/core_perl/


## ----------- ##
## Core tests. ##
## ----------- ##

configure:2165: loading site script /etc/config.site
| # This file is in public domain.
| # Original author: Karlson2k (Evgeny Grin)
| # Written for MSys2 to help running 'configure' scripts
| 
| # Defaults for MSys2/MinGW64-targeted programs
| 
| # Set proper selfname on bash and fallback to default name on other shells
| test -n "${BASH_SOURCE}" 2>/dev/null && config_site_me="${BASH_SOURCE[0]##*/}" || config_site_me=config.site
| 
| # Set default 'host' to speedup configure
| if test -z "$build_alias"; then
|   build_alias="${MSYSTEM_CHOST}"  && \
|     ${as_echo-echo} "$config_site_me:${as_lineno-$LINENO}: default build_alias set to $build_alias" >&5
| fi
| 
| # Set default 'prefix'
| if ( test -z "$prefix" || test "x$prefix" = "xNONE" ) && \
|     ( test -z "$exec_prefix" || test "x$exec_prefix" = "xNONE" ); then
|   prefix="${MSYSTEM_PREFIX}" && \
|     ${as_echo-echo} "$config_site_me:${as_lineno-$LINENO}: default prefix set to $prefix" >&5
| fi
config.site:13: default build_alias set to x86_64-w64-mingw32
config.site:20: default prefix set to /mingw64
configure:2524: looking for aux files: ltmain.sh config.guess config.sub compile missing install-sh
configure:2537:  trying ./
configure:2566:   ./ltmain.sh found
configure:2566:   ./config.guess found
configure:2566:   ./config.sub found
configure:2566:   ./compile found
configure:2566:   ./missing found
configure:2548:   ./install-sh found
configure:2703: checking for a BSD-compatible install
configure:2776: result: /usr/bin/install -c
configure:2787: checking whether build environment is sane
configure:2842: result: yes
configure:3001: checking for a race-free mkdir -p
configure:3045: result: /usr/bin/mkdir -p
configure:3052: checking for gawk
configure:3073: found /usr/bin/gawk
configure:3084: result: gawk
configure:3095: checking whether make sets $(MAKE)
configure:3118: result: yes
configure:3148: checking whether make supports nested variables
configure:3166: result: yes
configure:3306: checking whether to enable maintainer-specific portions of Makefiles
configure:3316: result: no
configure:3410: checking for gcc
configure:3431: found /mingw64/bin/gcc
configure:3442: result: gcc
configure:3795: checking for C compiler version
configure:3804: gcc --version >&5
gcc.exe (Rev10, Built by MSYS2 project) 12.2.0
Copyright (C) 2022 Free Software Foundation, Inc.
This is free software; see the source for copying conditions.  There is NO
warranty; not even for MERCHANTABILITY or FITNESS FOR A PARTICULAR PURPOSE.

configure:3815: $? = 0
configure:3804: gcc -v >&5
Using built-in specs.
COLLECT_GCC=C:\msys64\mingw64\bin\gcc.exe
COLLECT_LTO_WRAPPER=C:/msys64/mingw64/bin/../lib/gcc/x86_64-w64-mingw32/12.2.0/lto-wrapper.exe
Target: x86_64-w64-mingw32
Configured with: ../gcc-12.2.0/configure --prefix=/mingw64 --with-local-prefix=/mingw64/local --build=x86_64-w64-mingw32 --host=x86_64-w64-mingw32 --target=x86_64-w64-mingw32 --with-native-system-header-dir=/mingw64/include --libexecdir=/mingw64/lib --enable-bootstrap --enable-checking=release --with-arch=nocona --with-tune=generic --enable-languages=c,lto,c++,fortran,ada,objc,obj-c++,jit --enable-shared --enable-static --enable-libatomic --enable-threads=posix --enable-graphite --enable-fully-dynamic-string --enable-libstdcxx-filesystem-ts --enable-libstdcxx-time --disable-libstdcxx-pch --enable-lto --enable-libgomp --disable-multilib --disable-rpath --disable-win32-registry --disable-nls --disable-werror --disable-symvers --with-libiconv --with-system-zlib --with-gmp=/mingw64 --with-mpfr=/mingw64 --with-mpc=/mingw64 --with-isl=/mingw64 --with-pkgversion='Rev10, Built by MSYS2 project' --with-bugurl=https://github.com/msys2/MINGW-packages/issues --with-gnu-as --with-gnu-ld --disable-libstdcxx-debug --with-boot-ldflags=-static-libstdc++ --with-stage1-ldflags=-static-libstdc++
Thread model: posix
Supported LTO compression algorithms: zlib zstd
gcc version 12.2.0 (Rev10, Built by MSYS2 project) 
configure:3815: $? = 0
configure:3804: gcc -V >&5
gcc.exe: error: unrecognized command-line option '-V'
gcc.exe: fatal error: no input files
compilation terminated.
configure:3815: $? = 1
configure:3804: gcc -qversion >&5
gcc.exe: error: unrecognized command-line option '-qversion'; did you mean '--version'?
gcc.exe: fatal error: no input files
compilation terminated.
configure:3815: $? = 1
configure:3804: gcc -version >&5
gcc.exe: error: unrecognized command-line option '-version'
gcc.exe: fatal error: no input files
compilation terminated.
configure:3815: $? = 1
configure:3835: checking whether the C compiler works
configure:3857: gcc    conftest.c  >&5
configure:3861: $? = 0
configure:3911: result: yes
configure:3914: checking for C compiler default output file name
configure:3916: result: a.exe
configure:3922: checking for suffix of executables
configure:3929: gcc -o conftest.exe    conftest.c  >&5
configure:3933: $? = 0
configure:3956: result: .exe
configure:3978: checking whether we are cross compiling
configure:3986: gcc -o conftest.exe    conftest.c  >&5
configure:3990: $? = 0
configure:3997: ./conftest.exe
configure:4001: $? = 0
configure:4016: result: no
configure:4021: checking for suffix of object files
configure:4044: gcc -c   conftest.c >&5
configure:4048: $? = 0
configure:4070: result: o
configure:4074: checking whether the compiler supports GNU C
configure:4094: gcc -c   conftest.c >&5
configure:4094: $? = 0
configure:4104: result: yes
configure:4115: checking whether gcc accepts -g
configure:4136: gcc -c -g  conftest.c >&5
configure:4136: $? = 0
configure:4180: result: yes
configure:4200: checking for gcc option to enable C11 features
configure:4215: gcc  -c -g -O2  conftest.c >&5
configure:4215: $? = 0
configure:4233: result: none needed
configure:4349: checking whether gcc understands -c and -o together
configure:4372: gcc -c conftest.c -o conftest2.o
configure:4375: $? = 0
configure:4372: gcc -c conftest.c -o conftest2.o
configure:4375: $? = 0
configure:4387: result: yes
configure:4407: checking whether make supports the include directive
configure:4422: make -f confmf.GNU && cat confinc.out
this is the am__doit target
configure:4425: $? = 0
configure:4444: result: yes (GNU style)
configure:4470: checking dependency style of gcc
configure:4582: result: gcc3
configure:4606: checking dependency style of gcc
configure:4716: result: gcc3
configure:4737: checking build system type
configure:4752: result: x86_64-w64-mingw32
configure:4772: checking host system type
configure:4786: result: x86_64-w64-mingw32
configure:4806: checking for a sed that does not truncate output
configure:4876: result: /usr/bin/sed
configure:4894: checking for grep that handles long lines and -e
configure:4958: result: /usr/bin/grep
configure:4963: checking for egrep
configure:5031: result: /usr/bin/grep -E
configure:5036: checking for fgrep
configure:5104: result: /usr/bin/grep -F
configure:5131: checking how to print strings
configure:5158: result: printf
configure:5192: checking for ld used by gcc
configure:5260: result: C:/msys64/mingw64/x86_64-w64-mingw32/bin/ld.exe
configure:5267: checking if the linker (C:/msys64/mingw64/x86_64-w64-mingw32/bin/ld.exe) is GNU ld
configure:5283: result: yes
configure:5300: checking how to run the C preprocessor
configure:5326: gcc -E  conftest.c
configure:5326: $? = 0
configure:5341: gcc -E  conftest.c
conftest.c:11:10: fatal error: ac_nonexistent.h: No such file or directory
   11 | #include <ac_nonexistent.h>
      |          ^~~~~~~~~~~~~~~~~~
compilation terminated.
configure:5341: $? = 1
configure: failed program was:
| /* confdefs.h */
| #define PACKAGE_NAME "libpng"
| #define PACKAGE_TARNAME "libpng"
| #define PACKAGE_VERSION "1.6.39"
| #define PACKAGE_STRING "libpng 1.6.39"
| #define PACKAGE_BUGREPORT "png-mng-implement@lists.sourceforge.net"
| #define PACKAGE_URL ""
| #define PACKAGE "libpng"
| #define VERSION "1.6.39"
| /* end confdefs.h.  */
| #include <ac_nonexistent.h>
configure:5368: result: gcc -E
configure:5382: gcc -E  conftest.c
configure:5382: $? = 0
configure:5397: gcc -E  conftest.c
conftest.c:11:10: fatal error: ac_nonexistent.h: No such file or directory
   11 | #include <ac_nonexistent.h>
      |          ^~~~~~~~~~~~~~~~~~
compilation terminated.
configure:5397: $? = 1
configure: failed program was:
| /* confdefs.h */
| #define PACKAGE_NAME "libpng"
| #define PACKAGE_TARNAME "libpng"
| #define PACKAGE_VERSION "1.6.39"
| #define PACKAGE_STRING "libpng 1.6.39"
| #define PACKAGE_BUGREPORT "png-mng-implement@lists.sourceforge.net"
| #define PACKAGE_URL ""
| #define PACKAGE "libpng"
| #define VERSION "1.6.39"
| /* end confdefs.h.  */
| #include <ac_nonexistent.h>
configure:5431: checking for gawk
configure:5463: result: gawk
configure:5475: checking whether ln -s works
configure:5482: result: no, using cp -pR
configure:5486: checking whether make sets $(MAKE)
configure:5509: result: yes
configure:5562: checking for BSD- or MS-compatible name lister (nm)
configure:5617: result: /mingw64/bin/nm -B
configure:5757: checking the name lister (/mingw64/bin/nm -B) interface
configure:5765: gcc -c -g -O2  conftest.c >&5
configure:5768: /mingw64/bin/nm -B "conftest.o"
configure:5771: output
0000000000000000 b .bss
0000000000000000 d .data
0000000000000000 N .debug_abbrev
0000000000000000 N .debug_aranges
0000000000000000 N .debug_info
0000000000000000 N .debug_line
0000000000000000 N .debug_line_str
0000000000000000 r .rdata$zzz
0000000000000000 t .text
0000000000000000 B some_variable
configure:5778: result: BSD nm
configure:5782: checking the maximum length of command line arguments
configure:5914: result: 8192
configure:5962: checking how to convert x86_64-w64-mingw32 file names to x86_64-w64-mingw32 format
configure:6003: result: func_convert_file_msys_to_w32
configure:6010: checking how to convert x86_64-w64-mingw32 file names to toolchain format
configure:6031: result: func_convert_file_msys_to_w32
configure:6038: checking for C:/msys64/mingw64/x86_64-w64-mingw32/bin/ld.exe option to reload object files
configure:6046: result: -r
configure:6125: checking for file
configure:6146: found /usr/bin/file
configure:6157: result: file
configure:6233: checking for objdump
configure:6254: found /mingw64/bin/objdump
configure:6265: result: objdump
configure:6294: checking how to recognize dependent libraries
configure:6495: result: file_magic ^x86 archive import|^x86 DLL
configure:6585: checking for dlltool
configure:6606: found /mingw64/bin/dlltool
configure:6617: result: dlltool
configure:6647: checking how to associate runtime and link libraries
configure:6675: result: func_cygming_dll_for_implib
configure:6741: checking for ar
configure:6762: found /mingw64/bin/ar
configure:6773: result: ar
configure:6826: checking for archiver @FILE support
configure:6844: gcc -c -g -O2  conftest.c >&5
configure:6844: $? = 0
configure:6848: ar cr libconftest.a @conftest.lst >&5
configure:6851: $? = 0
configure:6856: ar cr libconftest.a @conftest.lst >&5
C:\msys64\mingw64\bin\ar.exe: conftest.o: No such file or directory
configure:6859: $? = 1
configure:6871: result: @
configure:6934: checking for strip
configure:6955: found /mingw64/bin/strip
configure:6966: result: strip
configure:7043: checking for ranlib
configure:7064: found /mingw64/bin/ranlib
configure:7075: result: ranlib
configure:7177: checking command to parse /mingw64/bin/nm -B output from gcc object
configure:7331: gcc -c -g -O2  conftest.c >&5
configure:7334: $? = 0
configure:7338: /mingw64/bin/nm -B conftest.o \| /usr/bin/sed -n -e 's/^.*[ ]\([ABCDGIRSTW][ABCDGIRSTW]*\)[ ][ ]*\([_A-Za-z][_A-Za-z0-9]*\)\{0,1\}$/\1 \2 \2/p' | /usr/bin/sed '/ __gnu_lto/d' \> conftest.nm
configure:7341: $? = 0
configure:7407: gcc -o conftest.exe -g -O2   conftest.c conftstm.o >&5
configure:7410: $? = 0
configure:7448: result: ok
configure:7495: checking for sysroot
configure:7526: result: no
configure:7533: checking for a working dd
configure:7577: result: /usr/bin/dd
configure:7581: checking how to truncate binary pipes
configure:7597: result: /usr/bin/dd bs=4096 count=1
configure:7934: checking for mt
configure:7969: result: no
configure:7989: checking if : is a manifest tool
configure:7996: : '-?'
configure:8004: result: no
configure:8729: checking for stdio.h
configure:8729: gcc -c -g -O2  conftest.c >&5
configure:8729: $? = 0
configure:8729: result: yes
configure:8729: checking for stdlib.h
configure:8729: gcc -c -g -O2  conftest.c >&5
configure:8729: $? = 0
configure:8729: result: yes
configure:8729: checking for string.h
configure:8729: gcc -c -g -O2  conftest.c >&5
configure:8729: $? = 0
configure:8729: result: yes
configure:8729: checking for inttypes.h
configure:8729: gcc -c -g -O2  conftest.c >&5
configure:8729: $? = 0
configure:8729: result: yes
configure:8729: checking for stdint.h
configure:8729: gcc -c -g -O2  conftest.c >&5
configure:8729: $? = 0
configure:8729: result: yes
configure:8729: checking for strings.h
configure:8729: gcc -c -g -O2  conftest.c >&5
configure:8729: $? = 0
configure:8729: result: yes
configure:8729: checking for sys/stat.h
configure:8729: gcc -c -g -O2  conftest.c >&5
configure:8729: $? = 0
configure:8729: result: yes
configure:8729: checking for sys/types.h
configure:8729: gcc -c -g -O2  conftest.c >&5
configure:8729: $? = 0
configure:8729: result: yes
configure:8729: checking for unistd.h
configure:8729: gcc -c -g -O2  conftest.c >&5
configure:8729: $? = 0
configure:8729: result: yes
configure:8754: checking for dlfcn.h
configure:8754: gcc -c -g -O2  conftest.c >&5
conftest.c:50:10: fatal error: dlfcn.h: No such file or directory
   50 | #include <dlfcn.h>
      |          ^~~~~~~~~
compilation terminated.
configure:8754: $? = 1
configure: failed program was:
| /* confdefs.h */
| #define PACKAGE_NAME "libpng"
| #define PACKAGE_TARNAME "libpng"
| #define PACKAGE_VERSION "1.6.39"
| #define PACKAGE_STRING "libpng 1.6.39"
| #define PACKAGE_BUGREPORT "png-mng-implement@lists.sourceforge.net"
| #define PACKAGE_URL ""
| #define PACKAGE "libpng"
| #define VERSION "1.6.39"
| #define HAVE_STDIO_H 1
| #define HAVE_STDLIB_H 1
| #define HAVE_STRING_H 1
| #define HAVE_INTTYPES_H 1
| #define HAVE_STDINT_H 1
| #define HAVE_STRINGS_H 1
| #define HAVE_SYS_STAT_H 1
| #define HAVE_SYS_TYPES_H 1
| #define HAVE_UNISTD_H 1
| #define STDC_HEADERS 1
| /* end confdefs.h.  */
| #include <stddef.h>
| #ifdef HAVE_STDIO_H
| # include <stdio.h>
| #endif
| #ifdef HAVE_STDLIB_H
| # include <stdlib.h>
| #endif
| #ifdef HAVE_STRING_H
| # include <string.h>
| #endif
| #ifdef HAVE_INTTYPES_H
| # include <inttypes.h>
| #endif
| #ifdef HAVE_STDINT_H
| # include <stdint.h>
| #endif
| #ifdef HAVE_STRINGS_H
| # include <strings.h>
| #endif
| #ifdef HAVE_SYS_TYPES_H
| # include <sys/types.h>
| #endif
| #ifdef HAVE_SYS_STAT_H
| # include <sys/stat.h>
| #endif
| #ifdef HAVE_UNISTD_H
| # include <unistd.h>
| #endif
| 
| #include <dlfcn.h>
configure:8754: result: no
configure:8819: checking for as
configure:8840: found /mingw64/bin/as
configure:8851: result: as
configure:8921: checking for dlltool
configure:8953: result: dlltool
configure:9023: checking for objdump
configure:9055: result: objdump
configure:9341: checking for objdir
configure:9357: result: .libs
configure:9621: checking if gcc supports -fno-rtti -fno-exceptions
configure:9640: gcc -c -g -O2  -fno-rtti -fno-exceptions conftest.c >&5
cc1.exe: warning: command-line option '-fno-rtti' is valid for C++/D/ObjC++ but not for C
configure:9644: $? = 0
configure:9657: result: no
configure:10015: checking for gcc option to produce PIC
configure:10023: result: -DDLL_EXPORT -DPIC
configure:10031: checking if gcc PIC flag -DDLL_EXPORT -DPIC works
configure:10050: gcc -c -g -O2  -DDLL_EXPORT -DPIC -DPIC conftest.c >&5
configure:10054: $? = 0
configure:10067: result: yes
configure:10096: checking if gcc static flag -static works
configure:10125: result: yes
configure:10140: checking if gcc supports -c -o file.o
configure:10162: gcc -c -g -O2  -o out/conftest2.o conftest.c >&5
configure:10166: $? = 0
configure:10188: result: yes
configure:10196: checking if gcc supports -c -o file.o
configure:10244: result: yes
configure:10277: checking whether the gcc linker (C:/msys64/mingw64/x86_64-w64-mingw32/bin/ld.exe) supports shared libraries
configure:11545: result: yes
configure:11582: checking whether -lc should be explicitly linked in
configure:11591: gcc -c -g -O2  conftest.c >&5
configure:11594: $? = 0
configure:11609: gcc -shared conftest.o  -v -o ./conftest -Wl,--enable-auto-image-base -Xlinker --out-implib -Xlinker conftest 2\>\&1 \| /usr/bin/grep  -lc  \>/dev/null 2\>\&1
configure:11612: $? = 1
configure:11626: result: yes
configure:11786: checking dynamic linker characteristics
configure:12607: result: Win32 ld.exe
configure:12729: checking how to hardcode library paths into programs
configure:12754: result: immediate
configure:13306: checking whether stripping libraries is possible
configure:13315: result: yes
configure:13357: checking if libtool supports shared libraries
configure:13359: result: yes
configure:13362: checking whether to build shared libraries
configure:13387: result: yes
configure:13390: checking whether to build static libraries
configure:13394: result: yes
configure:13435: checking that AWK works
configure:13441: result: ok
configure:13494: checking if we need to force back C standard to C89
configure:13510: gcc -c -g -O2  conftest.c >&5
configure:13510: $? = 0
configure:13512: result: no
configure:13527: checking whether struct tm is in sys/time.h or time.h
configure:13548: gcc -c -g -O2  conftest.c >&5
configure:13548: $? = 0
configure:13556: result: time.h
configure:13564: checking for C/C++ restrict keyword
configure:13594: gcc -c -g -O2  conftest.c >&5
configure:13594: $? = 0
configure:13603: result: __restrict__
configure:13619: checking for pow
configure:13619: gcc -o conftest.exe -g -O2   conftest.c  >&5
conftest.c:39:6: warning: conflicting types for built-in function 'pow'; expected 'double(double,  double)' [-Wbuiltin-declaration-mismatch]
   39 | char pow ();
      |      ^~~
conftest.c:31:1: note: 'pow' is declared in header '<math.h>'
   30 | #include <limits.h>
   31 | #undef pow
configure:13619: $? = 0
configure:13619: result: yes
configure:13676: checking for clock_gettime
configure:13676: gcc -o conftest.exe -g -O2   conftest.c  >&5
configure:13676: $? = 0
configure:13676: result: yes
configure:13703: checking for zlibVersion in -lz
configure:13726: gcc -o conftest.exe -g -O2   conftest.c -lz   >&5
configure:13726: $? = 0
configure:13736: result: yes
configure:13798: checking for feenableexcept in -lm
configure:13821: gcc -o conftest.exe -g -O2   conftest.c -lm  -lz  >&5
C:/msys64/mingw64/bin/../lib/gcc/x86_64-w64-mingw32/12.2.0/../../../../x86_64-w64-mingw32/bin/ld.exe: C:\msys64\tmp\ccW2g6DS.o: in function `main':
C:/X68K/elf2x68k/lpng1639/conftest.c:33: undefined reference to `feenableexcept'
collect2.exe: error: ld returned 1 exit status
configure:13821: $? = 1
configure: failed program was:
| /* confdefs.h */
| #define PACKAGE_NAME "libpng"
| #define PACKAGE_TARNAME "libpng"
| #define PACKAGE_VERSION "1.6.39"
| #define PACKAGE_STRING "libpng 1.6.39"
| #define PACKAGE_BUGREPORT "png-mng-implement@lists.sourceforge.net"
| #define PACKAGE_URL ""
| #define PACKAGE "libpng"
| #define VERSION "1.6.39"
| #define HAVE_STDIO_H 1
| #define HAVE_STDLIB_H 1
| #define HAVE_STRING_H 1
| #define HAVE_INTTYPES_H 1
| #define HAVE_STDINT_H 1
| #define HAVE_STRINGS_H 1
| #define HAVE_SYS_STAT_H 1
| #define HAVE_SYS_TYPES_H 1
| #define HAVE_UNISTD_H 1
| #define STDC_HEADERS 1
| #define LT_OBJDIR ".libs/"
| #define restrict __restrict__
| #define HAVE_POW 1
| #define HAVE_LIBZ 1
| /* end confdefs.h.  */
| 
| /* Override any GCC internal prototype to avoid an error.
|    Use char because int might match the return type of a GCC
|    builtin and then its argument prototype would still apply.  */
| char feenableexcept ();
| int
| main (void)
| {
| return feenableexcept ();
|   ;
|   return 0;
| }
configure:13831: result: no
configure:13841: checking for feenableexcept
configure:13841: gcc -o conftest.exe -g -O2   conftest.c -lz  >&5
C:/msys64/mingw64/bin/../lib/gcc/x86_64-w64-mingw32/12.2.0/../../../../x86_64-w64-mingw32/bin/ld.exe: C:\msys64\tmp\ccmIDBrI.o: in function `main':
C:/X68K/elf2x68k/lpng1639/conftest.c:52: undefined reference to `feenableexcept'
collect2.exe: error: ld returned 1 exit status
configure:13841: $? = 1
configure: failed program was:
| /* confdefs.h */
| #define PACKAGE_NAME "libpng"
| #define PACKAGE_TARNAME "libpng"
| #define PACKAGE_VERSION "1.6.39"
| #define PACKAGE_STRING "libpng 1.6.39"
| #define PACKAGE_BUGREPORT "png-mng-implement@lists.sourceforge.net"
| #define PACKAGE_URL ""
| #define PACKAGE "libpng"
| #define VERSION "1.6.39"
| #define HAVE_STDIO_H 1
| #define HAVE_STDLIB_H 1
| #define HAVE_STRING_H 1
| #define HAVE_INTTYPES_H 1
| #define HAVE_STDINT_H 1
| #define HAVE_STRINGS_H 1
| #define HAVE_SYS_STAT_H 1
| #define HAVE_SYS_TYPES_H 1
| #define HAVE_UNISTD_H 1
| #define STDC_HEADERS 1
| #define LT_OBJDIR ".libs/"
| #define restrict __restrict__
| #define HAVE_POW 1
| #define HAVE_LIBZ 1
| /* end confdefs.h.  */
| /* Define feenableexcept to an innocuous variant, in case <limits.h> declares feenableexcept.
|    For example, HP-UX 11i <limits.h> declares gettimeofday.  */
| #define feenableexcept innocuous_feenableexcept
| 
| /* System header to define __stub macros and hopefully few prototypes,
|    which can conflict with char feenableexcept (); below.  */
| 
| #include <limits.h>
| #undef feenableexcept
| 
| /* Override any GCC internal prototype to avoid an error.
|    Use char because int might match the return type of a GCC
|    builtin and then its argument prototype would still apply.  */
| #ifdef __cplusplus
| extern "C"
| #endif
| char feenableexcept ();
| /* The GNU C library defines this for functions which it implements
|     to always fail with ENOSYS.  Some functions are actually named
|     something starting with __ and the normal name is an alias.  */
| #if defined __stub_feenableexcept || defined __stub___feenableexcept
| choke me
| #endif
| 
| int
| main (void)
| {
| return feenableexcept ();
|   ;
|   return 0;
| }
configure:13841: result: no
configure:13849: checking if using Solaris linker
configure:13858: result: no
configure:13870: checking if libraries can be versioned
configure:13878: result: no
configure:13943: pkgconfig directory is ${libdir}/pkgconfig
configure:14313: Extra options for compiler: 
configure:14423: checking that generated files are newer than configure
configure:14429: result: done
configure:14504: creating ./config.status

## ---------------------- ##
## Running config.status. ##
## ---------------------- ##

This file was extended by libpng config.status 1.6.39, which was
generated by GNU Autoconf 2.71.  Invocation command line was

  CONFIG_FILES    = 
  CONFIG_HEADERS  = 
  CONFIG_LINKS    = 
  CONFIG_COMMANDS = 
  $ ./config.status 

on DESKTOP-GAMING

config.status:1142: creating Makefile
config.status:1142: creating libpng.pc
config.status:1142: creating libpng-config
config.status:1142: creating config.h
config.status:1371: executing depfiles commands
config.status:1448: cd .       && sed -e '/# am--include-marker/d' Makefile         | make -f - am--depfiles
config.status:1453: $? = 0
config.status:1371: executing libtool commands

## ---------------- ##
## Cache variables. ##
## ---------------- ##

ac_cv_build=x86_64-w64-mingw32
ac_cv_c_compiler_gnu=yes
ac_cv_c_restrict=__restrict__
ac_cv_env_CCASFLAGS_set=
ac_cv_env_CCASFLAGS_value=
ac_cv_env_CCAS_set=
ac_cv_env_CCAS_value=
ac_cv_env_CC_set=
ac_cv_env_CC_value=
ac_cv_env_CFLAGS_set=
ac_cv_env_CFLAGS_value=
ac_cv_env_CPPFLAGS_set=
ac_cv_env_CPPFLAGS_value=
ac_cv_env_CPP_set=
ac_cv_env_CPP_value=
ac_cv_env_LDFLAGS_set=
ac_cv_env_LDFLAGS_value=
ac_cv_env_LIBS_set=
ac_cv_env_LIBS_value=
ac_cv_env_LT_SYS_LIBRARY_PATH_set=
ac_cv_env_LT_SYS_LIBRARY_PATH_value=
ac_cv_env_PNG_COPTS_set=
ac_cv_env_PNG_COPTS_value=
ac_cv_env_build_alias_set=
ac_cv_env_build_alias_value=
ac_cv_env_host_alias_set=
ac_cv_env_host_alias_value=
ac_cv_env_target_alias_set=
ac_cv_env_target_alias_value=
ac_cv_exeext=.exe
ac_cv_func_clock_gettime=yes
ac_cv_func_feenableexcept=no
ac_cv_func_pow=yes
ac_cv_header_dlfcn_h=no
ac_cv_header_inttypes_h=yes
ac_cv_header_stdint_h=yes
ac_cv_header_stdio_h=yes
ac_cv_header_stdlib_h=yes
ac_cv_header_string_h=yes
ac_cv_header_strings_h=yes
ac_cv_header_sys_stat_h=yes
ac_cv_header_sys_types_h=yes
ac_cv_header_unistd_h=yes
ac_cv_host=x86_64-w64-mingw32
ac_cv_lib_m_feenableexcept=no
ac_cv_lib_z_zlibVersion=yes
ac_cv_objext=o
ac_cv_path_EGREP='/usr/bin/grep -E'
ac_cv_path_FGREP='/usr/bin/grep -F'
ac_cv_path_GREP=/usr/bin/grep
ac_cv_path_SED=/usr/bin/sed
ac_cv_path_install='/usr/bin/install -c'
ac_cv_path_lt_DD=/usr/bin/dd
ac_cv_path_mkdir=/usr/bin/mkdir
ac_cv_prog_AWK=gawk
ac_cv_prog_CPP='gcc -E'
ac_cv_prog_ac_ct_AR=ar
ac_cv_prog_ac_ct_AS=as
ac_cv_prog_ac_ct_CC=gcc
ac_cv_prog_ac_ct_DLLTOOL=dlltool
ac_cv_prog_ac_ct_FILECMD=file
ac_cv_prog_ac_ct_OBJDUMP=objdump
ac_cv_prog_ac_ct_RANLIB=ranlib
ac_cv_prog_ac_ct_STRIP=strip
ac_cv_prog_cc_c11=
ac_cv_prog_cc_g=yes
ac_cv_prog_cc_stdc=
ac_cv_prog_make_make_set=yes
ac_cv_struct_tm=time.h
am_cv_CCAS_dependencies_compiler_type=gcc3
am_cv_CC_dependencies_compiler_type=gcc3
am_cv_make_support_nested_variables=yes
am_cv_prog_cc_c_o=yes
lt_cv_ar_at_file=@
lt_cv_archive_cmds_need_lc=yes
lt_cv_deplibs_check_method='file_magic ^x86 archive import|^x86 DLL'
lt_cv_file_magic_cmd=func_win32_libid
lt_cv_file_magic_test_file=
lt_cv_ld_reload_flag=-r
lt_cv_nm_interface='BSD nm'
lt_cv_objdir=.libs
lt_cv_path_LD=C:/msys64/mingw64/x86_64-w64-mingw32/bin/ld.exe
lt_cv_path_NM='/mingw64/bin/nm -B'
lt_cv_path_mainfest_tool=no
lt_cv_prog_compiler_c_o=yes
lt_cv_prog_compiler_pic='-DDLL_EXPORT -DPIC'
lt_cv_prog_compiler_pic_works=yes
lt_cv_prog_compiler_rtti_exceptions=no
lt_cv_prog_compiler_static_works=yes
lt_cv_prog_gnu_ld=yes
lt_cv_sharedlib_from_linklib_cmd=func_cygming_dll_for_implib
lt_cv_sys_global_symbol_pipe='/usr/bin/sed -n -e '\''s/^.*[	 ]\([ABCDGIRSTW][ABCDGIRSTW]*\)[	 ][	 ]*\([_A-Za-z][_A-Za-z0-9]*\)\{0,1\}$/\1 \2 \2/p'\'' | /usr/bin/sed '\''/ __gnu_lto/d'\'''
lt_cv_sys_global_symbol_to_c_name_address='/usr/bin/sed -n -e '\''s/^: \(.*\) .*$/  {"\1", (void *) 0},/p'\'' -e '\''s/^[ABCDGIRSTW][ABCDGIRSTW]* .* \(.*\)$/  {"\1", (void *) \&\1},/p'\'''
lt_cv_sys_global_symbol_to_c_name_address_lib_prefix='/usr/bin/sed -n -e '\''s/^: \(.*\) .*$/  {"\1", (void *) 0},/p'\'' -e '\''s/^[ABCDGIRSTW][ABCDGIRSTW]* .* \(lib.*\)$/  {"\1", (void *) \&\1},/p'\'' -e '\''s/^[ABCDGIRSTW][ABCDGIRSTW]* .* \(.*\)$/  {"lib\1", (void *) \&\1},/p'\'''
lt_cv_sys_global_symbol_to_cdecl='/usr/bin/sed -n -e '\''s/^T .* \(.*\)$/extern int \1();/p'\'' -e '\''s/^[ABCDGIRSTW][ABCDGIRSTW]* .* \(.*\)$/extern char \1;/p'\'''
lt_cv_sys_global_symbol_to_import=
lt_cv_sys_max_cmd_len=8192
lt_cv_to_host_file_cmd=func_convert_file_msys_to_w32
lt_cv_to_tool_file_cmd=func_convert_file_msys_to_w32
lt_cv_truncate_bin='/usr/bin/dd bs=4096 count=1'

## ----------------- ##
## Output variables. ##
## ----------------- ##

ACLOCAL='${SHELL} '\''/c/X68K/elf2x68k/lpng1639/missing'\'' aclocal-1.16'
AMDEPBACKSLASH='\'
AMDEP_FALSE='#'
AMDEP_TRUE=''
AMTAR='$${TAR-tar}'
AM_BACKSLASH='\'
AM_DEFAULT_V='$(AM_DEFAULT_VERBOSITY)'
AM_DEFAULT_VERBOSITY='1'
AM_V='$(V)'
AR='ar'
AS='as'
AUTOCONF='${SHELL} '\''/c/X68K/elf2x68k/lpng1639/missing'\'' autoconf'
AUTOHEADER='${SHELL} '\''/c/X68K/elf2x68k/lpng1639/missing'\'' autoheader'
AUTOMAKE='${SHELL} '\''/c/X68K/elf2x68k/lpng1639/missing'\'' automake-1.16'
AWK='gawk'
CC='gcc'
CCAS='gcc'
CCASDEPMODE='depmode=gcc3'
CCASFLAGS='-g -O2'
CCDEPMODE='depmode=gcc3'
CFLAGS='-g -O2'
CPP='gcc -E'
CPPFLAGS=''
CSCOPE='cscope'
CTAGS='ctags'
CYGPATH_W='cygpath -w'
DEFS='-DHAVE_CONFIG_H'
DEPDIR='.deps'
DFNCPP='gcc -E'
DLLTOOL='dlltool'
DO_INSTALL_LIBPNG_CONFIG_FALSE='#'
DO_INSTALL_LIBPNG_CONFIG_TRUE=''
DO_INSTALL_LIBPNG_PC_FALSE='#'
DO_INSTALL_LIBPNG_PC_TRUE=''
DO_INSTALL_LINKS_FALSE='#'
DO_INSTALL_LINKS_TRUE=''
DO_PNG_PREFIX_FALSE=''
DO_PNG_PREFIX_TRUE='#'
DSYMUTIL=''
DUMPBIN=''
ECHO_C=''
ECHO_N='-n'
ECHO_T=''
EGREP='/usr/bin/grep -E'
ETAGS='etags'
EXEEXT='.exe'
FGREP='/usr/bin/grep -F'
FILECMD='file'
GREP='/usr/bin/grep'
HAVE_CLOCK_GETTIME_FALSE='#'
HAVE_CLOCK_GETTIME_TRUE=''
HAVE_LD_VERSION_SCRIPT_FALSE=''
HAVE_LD_VERSION_SCRIPT_TRUE='#'
HAVE_SOLARIS_LD_FALSE=''
HAVE_SOLARIS_LD_TRUE='#'
INSTALL_DATA='${INSTALL} -m 644'
INSTALL_PROGRAM='${INSTALL}'
INSTALL_SCRIPT='${INSTALL}'
INSTALL_STRIP_PROGRAM='$(install_sh) -c -s'
LD='C:/msys64/mingw64/x86_64-w64-mingw32/bin/ld.exe'
LDFLAGS=''
LIBOBJS=''
LIBS='-lz '
LIBTOOL='$(SHELL) $(top_builddir)/libtool'
LIPO=''
LN_S='cp -pR'
LTLIBOBJS=''
LT_SYS_LIBRARY_PATH=''
MAINT='#'
MAINTAINER_MODE_FALSE=''
MAINTAINER_MODE_TRUE='#'
MAKEINFO='${SHELL} '\''/c/X68K/elf2x68k/lpng1639/missing'\'' makeinfo'
MANIFEST_TOOL=':'
MKDIR_P='/usr/bin/mkdir -p'
NM='/mingw64/bin/nm -B'
NMEDIT=''
OBJDUMP='objdump'
OBJEXT='o'
OTOOL64=''
OTOOL=''
PACKAGE='libpng'
PACKAGE_BUGREPORT='png-mng-implement@lists.sourceforge.net'
PACKAGE_NAME='libpng'
PACKAGE_STRING='libpng 1.6.39'
PACKAGE_TARNAME='libpng'
PACKAGE_URL=''
PACKAGE_VERSION='1.6.39'
PATH_SEPARATOR=':'
PNGLIB_MAJOR='1'
PNGLIB_MINOR='6'
PNGLIB_RELEASE='39'
PNGLIB_VERSION='1.6.39'
PNG_ARM_NEON_FALSE=''
PNG_ARM_NEON_TRUE='#'
PNG_COPTS=''
PNG_INTEL_SSE_FALSE='#'
PNG_INTEL_SSE_TRUE=''
PNG_MIPS_MSA_FALSE='#'
PNG_MIPS_MSA_TRUE=''
PNG_POWERPC_VSX_FALSE='#'
PNG_POWERPC_VSX_TRUE=''
PNG_PREFIX=''
RANLIB='ranlib'
SED='/usr/bin/sed'
SET_MAKE=''
SHELL='/bin/sh'
STRIP='strip'
SYMBOL_PREFIX=''
VERSION='1.6.39'
ac_ct_AR='ar'
ac_ct_CC='gcc'
ac_ct_DUMPBIN=''
am__EXEEXT_FALSE='#'
am__EXEEXT_TRUE=''
am__fastdepCCAS_FALSE='#'
am__fastdepCCAS_TRUE=''
am__fastdepCC_FALSE='#'
am__fastdepCC_TRUE=''
am__include='include'
am__isrc=''
am__leading_dot='.'
am__nodep='_no'
am__quote=''
am__tar='$${TAR-tar} chof - "$$tardir"'
am__untar='$${TAR-tar} xf -'
binconfigs='${binconfigs}'
bindir='${exec_prefix}/bin'
build='x86_64-w64-mingw32'
build_alias='x86_64-w64-mingw32'
build_cpu='x86_64'
build_os='mingw32'
build_vendor='w64'
datadir='${datarootdir}'
datarootdir='${prefix}/share'
docdir='${datarootdir}/doc/${PACKAGE_TARNAME}'
dvidir='${docdir}'
exec_prefix='${prefix}'
host='x86_64-w64-mingw32'
host_alias=''
host_cpu='x86_64'
host_os='mingw32'
host_vendor='w64'
htmldir='${docdir}'
includedir='${prefix}/include'
infodir='${datarootdir}/info'
install_sh='${SHELL} /c/X68K/elf2x68k/lpng1639/install-sh'
libdir='${exec_prefix}/lib'
libexecdir='${exec_prefix}/libexec'
localedir='${datarootdir}/locale'
localstatedir='${prefix}/var'
mandir='${datarootdir}/man'
mkdir_p='$(MKDIR_P)'
oldincludedir='/usr/include'
pdfdir='${docdir}'
pkgconfigdir='${libdir}/pkgconfig'
prefix='/mingw64'
program_transform_name='s,x,x,'
psdir='${docdir}'
runstatedir='${localstatedir}/run'
sbindir='${exec_prefix}/sbin'
sharedstatedir='${prefix}/com'
sysconfdir='${prefix}/etc'
target_alias=''

## ----------- ##
## confdefs.h. ##
## ----------- ##

/* confdefs.h */
#define PACKAGE_NAME "libpng"
#define PACKAGE_TARNAME "libpng"
#define PACKAGE_VERSION "1.6.39"
#define PACKAGE_STRING "libpng 1.6.39"
#define PACKAGE_BUGREPORT "png-mng-implement@lists.sourceforge.net"
#define PACKAGE_URL ""
#define PACKAGE "libpng"
#define VERSION "1.6.39"
#define HAVE_STDIO_H 1
#define HAVE_STDLIB_H 1
#define HAVE_STRING_H 1
#define HAVE_INTTYPES_H 1
#define HAVE_STDINT_H 1
#define HAVE_STRINGS_H 1
#define HAVE_SYS_STAT_H 1
#define HAVE_SYS_TYPES_H 1
#define HAVE_UNISTD_H 1
#define STDC_HEADERS 1
#define LT_OBJDIR ".libs/"
#define restrict __restrict__
#define HAVE_POW 1
#define HAVE_LIBZ 1

configure: exit 0
